\BOOKMARK [1][-]{section.1}{\376\377\000I\000N\000T\000R\000O\000D\000U\000C\000C\000I\000\323\000N}{}% 1
\BOOKMARK [2][-]{subsection.1.1}{\376\377\000C\000O\000N\000T\000E\000X\000T\000O\000\040\000S\000A\000N\000I\000T\000A\000R\000I\000O}{section.1}% 2
\BOOKMARK [2][-]{subsection.1.2}{\376\377\000C\000O\000N\000T\000E\000X\000T\000O\000\040\000T\000E\000C\000N\000O\000L\000\323\000G\000I\000C\000O}{section.1}% 3
\BOOKMARK [1][-]{section.2}{\376\377\000E\000S\000T\000A\000D\000O\000\040\000D\000E\000\040\000L\000A\000\040\000C\000U\000E\000S\000T\000I\000\323\000N}{}% 4
\BOOKMARK [1][-]{section.3}{\376\377\000D\000E\000S\000C\000R\000I\000P\000C\000I\000\323\000N\000\040\000D\000E\000L\000\040\000P\000R\000O\000B\000L\000E\000M\000A}{}% 5
\BOOKMARK [1][-]{section.4}{\376\377\000D\000E\000S\000A\000R\000R\000O\000L\000L\000O}{}% 6
\BOOKMARK [2][-]{subsection.4.1}{\376\377\000M\000A\000R\000C\000O\000\040\000L\000E\000G\000A\000L\000\040\000I\000N\000T\000E\000R\000N\000A\000C\000I\000O\000N\000A\000L}{section.4}% 7
\BOOKMARK [3][-]{subsubsection.4.1.1}{\376\377\000M\000A\000R\000C\000O\000\040\000L\000E\000G\000A\000L\000\040\000E\000U\000R\000O\000P\000E\000O}{subsection.4.1}% 8
\BOOKMARK [3][-]{subsubsection.4.1.2}{\376\377\000M\000A\000R\000C\000O\000\040\000L\000E\000G\000A\000L\000\040\000E\000N\000\040\000E\000S\000T\000A\000D\000O\000S\000\040\000U\000N\000I\000D\000O\000S}{subsection.4.1}% 9
\BOOKMARK [2][-]{subsection.4.2}{\376\377\000M\000A\000R\000C\000O\000\040\000L\000E\000G\000A\000L\000\040\000N\000A\000C\000I\000O\000N\000A\000L}{section.4}% 10
\BOOKMARK [2][-]{subsection.4.3}{\376\377\000H\000E\000R\000R\000A\000M\000I\000E\000N\000T\000A\000S\000\040\000I\000N\000V\000E\000S\000T\000I\000G\000A\000D\000A\000S}{section.4}% 11
\BOOKMARK [3][-]{subsubsection.4.3.1}{\376\377\000T\000A\000B\000L\000A\000\040\000R\000E\000S\000U\000M\000E\000N\000\040\000D\000E\000\040\000H\000E\000R\000R\000A\000M\000I\000E\000N\000T\000A\000S\000\040\000D\000E\000\040\000E\000S\000T\000U\000D\000I\000O}{subsection.4.3}% 12
\BOOKMARK [3][-]{subsubsection.4.3.2}{\376\377\000R\000A\000D\000A\000R\000C\000O\000V\000I\000D}{subsection.4.3}% 13
\BOOKMARK [3][-]{subsubsection.4.3.3}{\376\377\000C\000E\000R\000T\000I\000F\000I\000C\000A\000D\000O\000\040\000D\000I\000G\000I\000T\000A\000L\000\040\000C\000O\000V\000I\000D}{subsection.4.3}% 14
\BOOKMARK [3][-]{subsubsection.4.3.4}{\376\377\000H\000E\000R\000R\000A\000M\000I\000E\000N\000T\000A\000S\000\040\000A\000U\000T\000O\000T\000E\000S\000T}{subsection.4.3}% 15
\BOOKMARK [3][-]{subsubsection.4.3.5}{\376\377\000A\000p\000l\000i\000c\000a\000c\000i\000\363\000n\000\040\000d\000e\000\040\000a\000c\000c\000e\000s\000o\000\040\000a\000\040\000r\000e\000s\000t\000a\000u\000r\000a\000c\000i\000\363\000n\000\040\000e\000n\000\040\000C\000a\000s\000t\000i\000l\000l\000a\000-\000L\000a\000\040\000M\000a\000n\000c\000h\000a\000\040\000m\000e\000d\000i\000a\000n\000t\000e\000\040\000Q\000R}{subsection.4.3}% 16
\BOOKMARK [3][-]{subsubsection.4.3.6}{\376\377\000A\000P\000L\000I\000C\000A\000C\000I\000O\000N\000E\000S\000\040\000M\000\311\000D\000I\000C\000A\000S}{subsection.4.3}% 17
\BOOKMARK [1][-]{section.5}{\376\377\000R\000e\000s\000u\000l\000t\000a\000d\000o\000s}{}% 18
\BOOKMARK [2][-]{subsection.5.1}{\376\377\000R\000A\000D\000A\000R\000C\000O\000V\000I\000D}{section.5}% 19
\BOOKMARK [2][-]{subsection.5.2}{\376\377\000C\000E\000R\000T\000I\000F\000I\000C\000A\000D\000O\000\040\000C\000O\000V\000I\000D}{section.5}% 20
\BOOKMARK [2][-]{subsection.5.3}{\376\377\000H\000E\000R\000R\000A\000M\000I\000E\000N\000T\000A\000S\000\040\000D\000E\000\040\000A\000U\000T\000O\000T\000E\000S\000T}{section.5}% 21
\BOOKMARK [3][-]{subsubsection.5.3.1}{\376\377\000C\000O\000R\000O\000N\000A\000M\000A\000D\000R\000I\000D}{subsection.5.3}% 22
\BOOKMARK [3][-]{subsubsection.5.3.2}{\376\377\000A\000S\000I\000S\000T\000E\000N\000C\000I\000A\000C\000O\000V\000I\000D}{subsection.5.3}% 23
\BOOKMARK [3][-]{subsubsection.5.3.3}{\376\377\000S\000T\000O\000P\000C\000O\000V\000I\000D\0001\0009\000\040\000C\000A\000T}{subsection.5.3}% 24
\BOOKMARK [2][-]{subsection.5.4}{\376\377\000A\000P\000L\000I\000C\000A\000C\000I\000\323\000N\000\040\000D\000E\000\040\000O\000C\000I\000O\000\040\000S\000E\000G\000U\000R\000O\000\040\000C\000A\000S\000T\000I\000L\000L\000A\000\040\000L\000A\000\040\000M\000A\000N\000C\000H\000A}{section.5}% 25
\BOOKMARK [2][-]{subsection.5.5}{\376\377\000A\000P\000L\000I\000C\000A\000C\000I\000\323\000N\000\040\000D\000E\000\040\000O\000C\000I\000O\000\040\000S\000E\000G\000U\000R\000O\000\040\000C\000A\000S\000T\000I\000L\000L\000A\000\040\000L\000A\000\040\000M\000A\000N\000C\000H\000A}{section.5}% 26
\BOOKMARK [1][-]{section.6}{\376\377\000C\000O\000N\000C\000L\000U\000S\000I\000O\000N\000E\000S}{}% 27
\BOOKMARK [1][-]{section.7}{\376\377\000T\000R\000A\000B\000A\000J\000O\000S\000\040\000F\000U\000T\000U\000R\000O\000S}{}% 28
\BOOKMARK [1][-]{section.8}{\376\377\000A\000P\000\311\000N\000D\000I\000C\000E\000S}{}% 29
\BOOKMARK [2][-]{subsection.8.1}{\376\377\000B\000I\000B\000L\000I\000O\000G\000R\000A\000F\000\315\000A}{section.8}% 30
\BOOKMARK [2][-]{subsection.8.2}{\376\377\000O\000T\000R\000A\000S\000\040\000F\000U\000E\000N\000T\000E\000S\000\040\000C\000O\000N\000S\000U\000L\000T\000A\000D\000A\000S}{section.8}% 31
